/*C19*/SET SCHEMA PUBLIC
DISCONNECT
/*C20*/SET SCHEMA PUBLIC
DISCONNECT
/*C21*/SET SCHEMA PUBLIC
INSERT INTO WIKI_PAGE VALUES('20180612','20180612 \u306e\u000d\u000a\u000d\u000a\u000d\u000a\u000d\u000a\u000d\u000a\u000d\u000a\u30da\u30fc\u30b8','2018-06-12 23:03:26.089000')
COMMIT
DISCONNECT
/*C22*/SET SCHEMA PUBLIC
DISCONNECT
/*C23*/SET SCHEMA PUBLIC
DELETE FROM WIKI_PAGE WHERE NAME='20180612'
INSERT INTO WIKI_PAGE VALUES('20180612','20180612 \u306e\u000d\u000a\u000d\u000a\u000d\u000a\u000d\u000a\u000d\u000a\u000d\u000a\u30da\u30fc\u30b8\u000d\u000a\u000d\u000a\u3060\u3088','2018-06-12 23:03:26.089000')
COMMIT
DISCONNECT
/*C24*/SET SCHEMA PUBLIC
DISCONNECT
/*C25*/SET SCHEMA PUBLIC
DISCONNECT
/*C26*/SET SCHEMA PUBLIC
DISCONNECT
/*C27*/SET SCHEMA PUBLIC
DELETE FROM WIKI_PAGE WHERE NAME='20180612'
COMMIT
DISCONNECT
/*C28*/SET SCHEMA PUBLIC
DISCONNECT
/*C29*/SET SCHEMA PUBLIC
DISCONNECT
